<?xml version="1.0" encoding="UTF-8"?>
<testng-results skipped="0" failed="0" ignored="0" total="2" passed="2">
  <reporter-output>
  </reporter-output>
  <suite name="Suite" duration-ms="14478" started-at="2018-05-30T00:11:53Z" finished-at="2018-05-30T00:12:07Z">
    <groups>
    </groups>
    <test name="Test" duration-ms="14478" started-at="2018-05-30T00:11:53Z" finished-at="2018-05-30T00:12:07Z">
      <class name="appTestScenarios.LoginFeature">
        <test-method status="PASS" signature="setup()[pri:0, instance:appTestScenarios.LoginFeature@5e5792a0]" name="setup" is-config="true" duration-ms="6155" started-at="2018-05-30T00:11:53Z" finished-at="2018-05-30T00:11:59Z">
          <reporter-output>
          </reporter-output>
        </test-method> <!-- setup -->
        <test-method status="PASS" signature="test1()[pri:0, instance:appTestScenarios.LoginFeature@5e5792a0]" name="test1" duration-ms="1345" started-at="2018-05-30T00:11:59Z" description="validate login with valid credentials" finished-at="2018-05-30T00:12:01Z">
          <reporter-output>
          </reporter-output>
        </test-method> <!-- test1 -->
        <test-method status="PASS" signature="teardown()[pri:0, instance:appTestScenarios.LoginFeature@5e5792a0]" name="teardown" is-config="true" duration-ms="146" started-at="2018-05-30T00:12:01Z" finished-at="2018-05-30T00:12:01Z">
          <reporter-output>
          </reporter-output>
        </test-method> <!-- teardown -->
        <test-method status="PASS" signature="setup()[pri:0, instance:appTestScenarios.LoginFeature@5e5792a0]" name="setup" is-config="true" duration-ms="5806" started-at="2018-05-30T00:12:01Z" finished-at="2018-05-30T00:12:06Z">
          <reporter-output>
          </reporter-output>
        </test-method> <!-- setup -->
        <test-method status="PASS" signature="test2()[pri:0, instance:appTestScenarios.LoginFeature@5e5792a0]" name="test2" duration-ms="925" started-at="2018-05-30T00:12:06Z" description="validate login with Invalid credentials" finished-at="2018-05-30T00:12:07Z">
          <reporter-output>
          </reporter-output>
        </test-method> <!-- test2 -->
        <test-method status="PASS" signature="teardown()[pri:0, instance:appTestScenarios.LoginFeature@5e5792a0]" name="teardown" is-config="true" duration-ms="86" started-at="2018-05-30T00:12:07Z" finished-at="2018-05-30T00:12:07Z">
          <reporter-output>
          </reporter-output>
        </test-method> <!-- teardown -->
      </class> <!-- appTestScenarios.LoginFeature -->
    </test> <!-- Test -->
  </suite> <!-- Suite -->
</testng-results>
